[2021-04-29T14:59:38+0000] [PACMAN] Running 'pacman -S sudo'
[2021-04-29T14:59:45+0000] [PACMAN] Running 'pacman -Ssy'
[2021-04-29T14:59:45+0000] [PACMAN] synchronizing package lists
[2021-04-29T14:59:56+0000] [PACMAN] Running 'pacman -S sudo'
[2021-04-29T15:00:44+0000] [PACMAN] Running 'pacman -S sudo'
[2021-04-29T15:00:47+0000] [ALPM] transaction started
[2021-04-29T15:00:48+0000] [ALPM] installed sudo (1.9.6.p1-1)
[2021-04-29T15:00:48+0000] [ALPM] transaction completed
[2021-04-29T15:00:48+0000] [ALPM] running '30-systemd-daemon-reload.hook'...
[2021-04-29T15:00:51+0000] [ALPM] running '30-systemd-tmpfiles.hook'...
[2021-04-29T15:00:52+0000] [ALPM] running '30-systemd-update.hook'...
[2021-04-29T15:01:11+0000] [PACMAN] Running 'pacman -S NetworkManager'
[2021-04-29T15:01:35+0000] [PACMAN] Running 'pacman -S networkmanager'
[2021-04-29T15:02:07+0000] [ALPM] transaction started
[2021-04-29T15:02:07+0000] [ALPM] installed nspr (4.30-1)
[2021-04-29T15:02:08+0000] [ALPM] installed nss (3.64-1)
[2021-04-29T15:02:08+0000] [ALPM] installed jansson (2.13.1-1)
[2021-04-29T15:02:09+0000] [ALPM] installed libnm (1.30.4-1)
[2021-04-29T15:02:19+0000] [ALPM] installed js78 (78.10.0-1)
[2021-04-29T15:02:20+0000] [ALPM] installed polkit (0.118-1)
[2021-04-29T15:02:21+0000] [ALPM] installed libmm-glib (1.16.4-1)
[2021-04-29T15:02:21+0000] [ALPM] installed gpm (1.20.7.r38.ge82d1a6-3)
[2021-04-29T15:02:21+0000] [ALPM] installed slang (2.3.2-2)
[2021-04-29T15:02:22+0000] [ALPM] installed libnewt (0.52.21-5)
[2021-04-29T15:02:22+0000] [ALPM] installed libndp (1.7-2)
[2021-04-29T15:02:22+0000] [ALPM] installed libdaemon (0.14-5)
[2021-04-29T15:02:22+0000] [ALPM] installed libsodium (1.0.18-2)
[2021-04-29T15:02:22+0000] [ALPM] installed libpgm (5.3.128-1.1)
[2021-04-29T15:02:24+0000] [ALPM] installed zeromq (4.3.4-1)
[2021-04-29T15:02:24+0000] [ALPM] installed libteam (1.31-3)
[2021-04-29T15:02:24+0000] [ALPM] installed bluez-libs (5.58-1)
[2021-04-29T15:02:25+0000] [ALPM] installed mobile-broadband-provider-info (20201225-1)
[2021-04-29T15:02:28+0000] [ALPM] installed networkmanager (1.30.4-1)
[2021-04-29T15:02:28+0000] [ALPM] transaction completed
[2021-04-29T15:02:28+0000] [ALPM] running '20-systemd-sysusers.hook'...
[2021-04-29T15:02:28+0000] [ALPM-SCRIPTLET] Creating group polkitd with gid 102.
[2021-04-29T15:02:28+0000] [ALPM-SCRIPTLET] Creating user polkitd (PolicyKit daemon) with uid 102 and gid 102.
[2021-04-29T15:02:28+0000] [ALPM] running '30-systemd-daemon-reload.hook'...
[2021-04-29T15:02:31+0000] [ALPM] running '30-systemd-udev-reload.hook'...
[2021-04-29T15:02:32+0000] [ALPM] running '30-systemd-update.hook'...
[2021-04-29T15:02:32+0000] [ALPM] running 'dbus-reload.hook'...
[2021-04-29T15:05:41+0000] [PACMAN] Running 'pacman -S nmap'
[2021-04-29T15:05:47+0000] [ALPM] transaction started
[2021-04-29T15:05:48+0000] [ALPM] installed lua53 (5.3.6-1)
[2021-04-29T15:05:51+0000] [ALPM] installed nmap (7.91-1)
[2021-04-29T15:05:51+0000] [ALPM] transaction completed
[2021-04-29T15:05:51+0000] [ALPM] running '30-systemd-update.hook'...
[2021-04-29T15:06:14+0000] [PACMAN] Running 'pacman -S telnet'
